<?xml version="1.0" encoding="UTF-8"?>
<testsuite xmlns:xsi="http://www.w3.org/2001/XMLSchema-instance" xsi:noNamespaceSchemaLocation="https://maven.apache.org/surefire/maven-surefire-plugin/xsd/surefire-test-report.xsd" version="3.0.2" name="org.tanzu.vcentermcp.VCenterMcpApplicationTests" time="1.368" tests="1" errors="0" skipped="0" failures="0">
  <properties>
[...]
</properties>
  <testcase name="contextLoads" classname="org.tanzu.vcentermcp.VCenterMcpApplicationTests" time="0.391">
    <system-out><![CDATA[22:50:17.506 [main] INFO org.springframework.test.context.support.AnnotationConfigContextLoaderUtils -- Could not detect default configuration classes for test class [org.tanzu.vcentermcp.VCenterMcpApplicationTests]: VCenterMcpApplicationTests does not declare any static, non-private, non-final, nested classes annotated with @Configuration.
22:50:17.557 [main] INFO org.springframework.boot.test.context.SpringBootTestContextBootstrapper -- Found @SpringBootConfiguration org.tanzu.vcentermcp.VCenterMcpApplication for test class org.tanzu.vcentermcp.VCenterMcpApplicationTests

  .   ____          _            __ _ _
 /\\ / ___'_ __ _ _(_)_ __  __ _ \ \ \ \
( ( )\___ | '_ | '_| | '_ \/ _` | \ \ \ \
 \\/  ___)| |_)| | | | | || (_| |  ) ) ) )
  '  |____| .__|_| |_|_| |_\__, | / / / /
 =========|_|==============|___/=/_/_/_/

 :: Spring Boot ::                (v3.5.0)

2025-07-29T22:50:17.730+10:00  INFO 54029 --- [vcenter-mcp] [           main] o.t.v.VCenterMcpApplicationTests         : Starting VCenterMcpApplicationTests using Java 24.0.1 with PID 54029 (started by lloydd in /Users/lloydd/git/cf-workshop/vcenter-mcp-spring)
2025-07-29T22:50:17.730+10:00  INFO 54029 --- [vcenter-mcp] [           main] o.t.v.VCenterMcpApplicationTests         : No active profile set, falling back to 1 default profile: "default"
2025-07-29T22:50:18.057+10:00  INFO 54029 --- [vcenter-mcp] [           main] o.t.v.config.VCenterConfigProcessor      : Processing vCenter configuration...
2025-07-29T22:50:18.057+10:00  INFO 54029 --- [vcenter-mcp] [           main] o.t.v.config.VCenterConfigProcessor      : Current config - Host: 'test-vcenter.example.com', Username: 'test-user', Password: '***'
2025-07-29T22:50:18.058+10:00 DEBUG 54029 --- [vcenter-mcp] [           main] o.t.v.config.VCenterConfigProcessor      : Configuration validation - Host valid: true, Username valid: true, Password valid: true
2025-07-29T22:50:18.058+10:00  INFO 54029 --- [vcenter-mcp] [           main] o.t.v.config.VCenterConfigProcessor      : vCenter configuration is complete from environment variables
2025-07-29T22:50:18.059+10:00  INFO 54029 --- [vcenter-mcp] [           main] o.t.vcentermcp.config.WebClientConfig    : Configuring WebClient.Builder for vCenter: test-vcenter.example.com:443 (insecure=true)
2025-07-29T22:50:18.062+10:00  WARN 54029 --- [vcenter-mcp] [           main] o.t.vcentermcp.config.WebClientConfig    : SSL validation is DISABLED for vCenter connection (insecure=true). This is not recommended for production!
2025-07-29T22:50:18.197+10:00  INFO 54029 --- [vcenter-mcp] [           main] o.t.vcentermcp.config.WebClientConfig    : Successfully configured insecure SSL context for vCenter connection
2025-07-29T22:50:18.198+10:00  INFO 54029 --- [vcenter-mcp] [           main] o.tanzu.vcentermcp.vcenter.VapiClient    : Initializing VapiClient for vCenter: https://test-vcenter.example.com:443 (insecure=true)
2025-07-29T22:50:18.233+10:00  INFO 54029 --- [vcenter-mcp] [           main] o.t.vcentermcp.vcenter.VCenterService    : VCenterService initialized with VapiClient
2025-07-29T22:50:18.384+10:00  INFO 54029 --- [vcenter-mcp] [           main] o.s.a.m.s.a.McpServerAutoConfiguration   : Enable tools capabilities, notification: true
2025-07-29T22:50:18.385+10:00  INFO 54029 --- [vcenter-mcp] [           main] o.s.a.m.s.a.McpServerAutoConfiguration   : Registered tools: 5
2025-07-29T22:50:18.385+10:00  INFO 54029 --- [vcenter-mcp] [           main] o.s.a.m.s.a.McpServerAutoConfiguration   : Enable resources capabilities, notification: true
2025-07-29T22:50:18.386+10:00  INFO 54029 --- [vcenter-mcp] [           main] o.s.a.m.s.a.McpServerAutoConfiguration   : Enable prompts capabilities, notification: true
2025-07-29T22:50:18.386+10:00  INFO 54029 --- [vcenter-mcp] [           main] o.s.a.m.s.a.McpServerAutoConfiguration   : Enable completions capabilities
2025-07-29T22:50:18.423+10:00  INFO 54029 --- [vcenter-mcp] [           main] o.t.v.VCenterMcpApplicationTests         : Started VCenterMcpApplicationTests in 0.805 seconds (process running for 1.251)
]]></system-out>
    <system-err><![CDATA[Mockito is currently self-attaching to enable the inline-mock-maker. This will no longer work in future releases of the JDK. Please add Mockito as an agent to your build as described in Mockito's documentation: https://javadoc.io/doc/org.mockito/mockito-core/latest/org.mockito/org/mockito/Mockito.html#0.3
WARNING: A Java agent has been loaded dynamically (/Users/lloydd/.m2/repository/net/bytebuddy/byte-buddy-agent/1.17.5/byte-buddy-agent-1.17.5.jar)
WARNING: If a serviceability tool is in use, please run with -XX:+EnableDynamicAgentLoading to hide this warning
WARNING: If a serviceability tool is not in use, please run with -Djdk.instrument.traceUsage for more information
WARNING: Dynamic loading of agents will be disallowed by default in a future release
]]></system-err>
  </testcase>
</testsuite>